[2023-02-23 14:47:41] This is codeql database analyze codeqldb --format=csv --output=out.csv queries/boto3.ql
[2023-02-23 14:47:41] Log file was started late.
[2023-02-23 14:47:41] [PROGRESS] database analyze> Running queries.
[2023-02-23 14:47:41] Running plumbing command: codeql database run-queries --evaluator-log-level=5 --warnings=show --qlconfig-file=/Users/arshia/repos/compliance/codeql/qlconfig.yml --no-rerun -- /Users/arshia/repos/compliance/codeql/codeqldb queries/boto3.ql
[2023-02-23 14:47:41] Calling plumbing command: codeql resolve ram --format=json
[2023-02-23 14:47:41] Plumbing command codeql resolve ram completed:
                      [
                        "-J-Xmx2048M",
                        "--off-heap-ram=2048"
                      ]
[2023-02-23 14:47:41] Spawning plumbing command: execute queries -J-Xmx2048M --off-heap-ram=2048 --verbosity=progress --logdir=/Users/arshia/repos/compliance/codeql/codeqldb/log --evaluator-log-level=5 --warnings=show --qlconfig-file=/Users/arshia/repos/compliance/codeql/qlconfig.yml --no-rerun --output=/Users/arshia/repos/compliance/codeql/codeqldb/results -- /Users/arshia/repos/compliance/codeql/codeqldb/db-python queries/boto3.ql
[2023-02-23 14:48:17] Plumbing command codeql execute queries terminated with status 0.
[2023-02-23 14:48:17] Plumbing command codeql database run-queries completed with status 0.
[2023-02-23 14:48:17] [PROGRESS] database analyze> Interpreting results.
[2023-02-23 14:48:17] Running plumbing command: codeql database interpret-results --format=csv -o=/Users/arshia/repos/compliance/codeql/out.csv --max-paths=4 --csv-location-format=line-column --print-diagnostics-summary --print-metrics-summary --qlconfig-file=/Users/arshia/repos/compliance/codeql/qlconfig.yml -- /Users/arshia/repos/compliance/codeql/codeqldb queries/boto3.ql
[2023-02-23 14:48:17] Calling plumbing command: codeql resolve queries --qlconfig-file=/Users/arshia/repos/compliance/codeql/qlconfig.yml --format=json -- queries/boto3.ql
[2023-02-23 14:48:17] [PROGRESS] resolve queries> Recording pack reference getting-started/codeql-extra-queries-python at /Users/arshia/repos/compliance/codeql.
[2023-02-23 14:48:17] Plumbing command codeql resolve queries completed:
                      [
                        "/Users/arshia/repos/compliance/codeql/queries/boto3.ql"
                      ]
[2023-02-23 14:48:17] [DETAILS] database interpret-results> Scanning for [codeql-pack.yml, qlpack.yml] from /Users/arshia/Library/Application Support/Code/User/globalStorage/github.vscode-codeql/distribution2/codeql/.codeqlmanifest.json
[2023-02-23 14:48:17] [DETAILS] database interpret-results> Scanning for [codeql-pack.yml, qlpack.yml] from /Users/arshia/Library/Application Support/Code/User/globalStorage/github.vscode-codeql/distribution2/
[2023-02-23 14:48:17] [DETAILS] database interpret-results> Not scanning from /Users/arshia/Library/Application Support/Code/User/globalStorage/github.vscode-codeql/distribution2/codeql which is already done.
[2023-02-23 14:48:17] [PROGRESS] database interpret-results> Interpreting /Users/arshia/repos/compliance/codeql/queries/boto3.ql...
[2023-02-23 14:48:17] Calling plumbing command: codeql resolve library-path --query=/Users/arshia/repos/compliance/codeql/queries/boto3.ql --full-library-path=none --dbscheme=none --format=json
[2023-02-23 14:48:17] [DETAILS] resolve library-path> Resolving query at normalized path /Users/arshia/repos/compliance/codeql/queries/boto3.ql.
[2023-02-23 14:48:17] [DETAILS] resolve library-path> Found enclosing pack 'getting-started/codeql-extra-queries-python' at /Users/arshia/repos/compliance/codeql.
[2023-02-23 14:48:17] [DETAILS] resolve library-path> Adding compilation cache at /Users/arshia/repos/compliance/codeql/.cache.
[2023-02-23 14:48:17] [DETAILS] resolve library-path> Dbscheme was explicitly overridden as /Users/arshia/repos/compliance/codeql/none
[2023-02-23 14:48:17] [DETAILS] resolve library-path> Library path was overridden on command line.
[2023-02-23 14:48:17] Plumbing command codeql resolve library-path completed:
                      {
                        "libraryPath" : [
                          "/Users/arshia/repos/compliance/codeql/none"
                        ],
                        "dbscheme" : "/Users/arshia/repos/compliance/codeql/none",
                        "compilationCache" : [
                          "/Users/arshia/repos/compliance/codeql/.cache"
                        ],
                        "relativeName" : "getting-started/codeql-extra-queries-python/queries/boto3.ql",
                        "qlPackName" : "getting-started/codeql-extra-queries-python"
                      }
[2023-02-23 14:48:17] [DETAILS] database interpret-results>  ... found results file at /Users/arshia/repos/compliance/codeql/codeqldb/results/getting-started/codeql-extra-queries-python/queries/boto3.bqrs.
[2023-02-23 14:48:17] [DETAILS] database interpret-results> Interpreted problem query without a name (py/boto3) at path /Users/arshia/repos/compliance/codeql/queries/boto3.ql.
[2023-02-23 14:48:17] Plumbing command codeql database interpret-results completed.
[2023-02-23 14:48:17] Terminating normally.
